[debug] [2021-05-15T04:51:10.690Z] ----------------------------------------------------------------------
[debug] [2021-05-15T04:51:10.692Z] Command:       /usr/local/bin/node /usr/local/bin/firebase emulators:start
[debug] [2021-05-15T04:51:10.692Z] CLI Version:   9.10.0
[debug] [2021-05-15T04:51:10.692Z] Platform:      darwin
[debug] [2021-05-15T04:51:10.692Z] Node Version:  v12.16.3
[debug] [2021-05-15T04:51:10.693Z] Time:          Sat May 15 2021 00:51:10 GMT-0400 (Eastern Daylight Time)
[debug] [2021-05-15T04:51:10.693Z] ----------------------------------------------------------------------
[debug] 
[debug] [2021-05-15T04:51:10.704Z] > command requires scopes: ["email","openid","https://www.googleapis.com/auth/cloudplatformprojects.readonly","https://www.googleapis.com/auth/firebase","https://www.googleapis.com/auth/cloud-platform"]
[debug] [2021-05-15T04:51:10.704Z] > authorizing via signed-in user (harsh@dradh.com)
[info] i  emulators: Starting emulators: functions, hosting {"metadata":{"emulator":{"name":"hub"},"message":"Starting emulators: functions, hosting"}}
[warn] ⚠  emulators: It seems that you are running multiple instances of the emulator suite for project link-shortener-dradh. This may result in unexpected behavior. 
[debug] [2021-05-15T04:51:10.759Z] [hub] writing locator at /var/folders/vs/5hhsl1ws6kb_myt8ny0lwy540000gn/T/hub-link-shortener-dradh.json
[warn] ⚠  functions: The following emulators are not running, calls to these services from the Functions emulator will affect production: auth, firestore, database, pubsub {"metadata":{"emulator":{"name":"functions"},"message":"The following emulators are not running, calls to these services from the Functions emulator will affect production: \u001b[1mauth, firestore, database, pubsub\u001b[22m"}}
[info] ✔  functions: Using node@12 from host. {"metadata":{"emulator":{"name":"functions"},"message":"Using node@12 from host."}}
[debug] [2021-05-15T04:51:10.841Z] defaultcredentials: writing to file /Users/harshpatel/.config/firebase/harsh_dradh_com_application_default_credentials.json
[debug] [2021-05-15T04:51:10.845Z] Setting GAC to /Users/harshpatel/.config/firebase/harsh_dradh_com_application_default_credentials.json {"metadata":{"emulator":{"name":"functions"},"message":"Setting GAC to /Users/harshpatel/.config/firebase/harsh_dradh_com_application_default_credentials.json"}}
[debug] [2021-05-15T04:51:10.849Z] >>> [apiv2][query] GET https://firebase.googleapis.com/v1beta1/projects/link-shortener-dradh/adminSdkConfig [none]
[debug] [2021-05-15T04:51:11.165Z] <<< [apiv2][status] GET https://firebase.googleapis.com/v1beta1/projects/link-shortener-dradh/adminSdkConfig 200
[debug] [2021-05-15T04:51:11.166Z] <<< [apiv2][body] GET https://firebase.googleapis.com/v1beta1/projects/link-shortener-dradh/adminSdkConfig {"projectId":"link-shortener-dradh","storageBucket":"link-shortener-dradh.appspot.com"}
[debug] [2021-05-15T04:51:11.443Z] >>> [apiv2][query] GET https://firebase.googleapis.com/v1beta1/projects/link-shortener-dradh/webApps/-/config [none]
[debug] [2021-05-15T04:51:11.762Z] <<< [apiv2][status] GET https://firebase.googleapis.com/v1beta1/projects/link-shortener-dradh/webApps/-/config 200
[debug] [2021-05-15T04:51:11.762Z] <<< [apiv2][body] GET https://firebase.googleapis.com/v1beta1/projects/link-shortener-dradh/webApps/-/config {"projectId":"link-shortener-dradh","storageBucket":"link-shortener-dradh.appspot.com","apiKey":"AIzaSyDLYjUNyn8XfGl1rzP14hyBUzo-dZDUHs8","authDomain":"link-shortener-dradh.firebaseapp.com","messagingSenderId":"642177729832"}
[info] i  hosting: Serving hosting files from: public {"metadata":{"emulator":{"name":"hosting"},"message":"Serving hosting files from: \u001b[1mpublic\u001b[22m"}}
[info] ✔  hosting: Local server: http://localhost:5000 {"metadata":{"emulator":{"name":"hosting"},"message":"Local server: \u001b[4m\u001b[1mhttp://localhost:5000\u001b[22m\u001b[24m"}}
[warn] ⚠  ui: Emulator UI unable to start on port 4000, starting on 4001 instead. {"metadata":{"emulator":{"name":"ui"},"message":"Emulator UI unable to start on port 4000, starting on 4001 instead."}}
[debug] [2021-05-15T04:51:12.068Z] Ignoring unsupported arg: auto_download {"metadata":{"emulator":{"name":"ui"},"message":"Ignoring unsupported arg: auto_download"}}
[debug] [2021-05-15T04:51:12.069Z] Ignoring unsupported arg: port {"metadata":{"emulator":{"name":"ui"},"message":"Ignoring unsupported arg: port"}}
[debug] [2021-05-15T04:51:12.069Z] Starting Emulator UI with command {"binary":"node","args":["/Users/harshpatel/.cache/firebase/emulators/ui-v1.4.2/server.bundle.js"],"optionalArgs":[],"joinArgs":false} {"metadata":{"emulator":{"name":"ui"},"message":"Starting Emulator UI with command {\"binary\":\"node\",\"args\":[\"/Users/harshpatel/.cache/firebase/emulators/ui-v1.4.2/server.bundle.js\"],\"optionalArgs\":[],\"joinArgs\":false}"}}
[info] i  ui: Emulator UI logging to ui-debug.log {"metadata":{"emulator":{"name":"ui"},"message":"Emulator UI logging to \u001b[1mui-debug.log\u001b[22m"}}
[debug] [2021-05-15T04:51:12.169Z] Web / API server started at http://localhost:4001
 {"metadata":{"emulator":{"name":"ui"},"message":"Web / API server started at http://localhost:4001\n"}}
[info] i  functions: Watching "/Users/harshpatel/Desktop/Harsh/Current Projects/link-shortener/link-shortener/functions" for Cloud Functions... {"metadata":{"emulator":{"name":"functions"},"message":"Watching \"/Users/harshpatel/Desktop/Harsh/Current Projects/link-shortener/link-shortener/functions\" for Cloud Functions..."}}
[debug] [2021-05-15T04:51:12.347Z] [worker-pool] addWorker(~diagnostic~) {"metadata":{"emulator":{"name":"functions"},"message":"[worker-pool] addWorker(~diagnostic~)"}}
[debug] [2021-05-15T04:51:12.348Z] [worker-pool] Adding worker with key ~diagnostic~, total=1 {"metadata":{"emulator":{"name":"functions"},"message":"[worker-pool] Adding worker with key ~diagnostic~, total=1"}}
[debug] [2021-05-15T04:51:12.348Z] [worker-pool] submitWork(triggerId=) {"metadata":{"emulator":{"name":"functions"},"message":"[worker-pool] submitWork(triggerId=)"}}
[debug] [2021-05-15T04:51:12.348Z] [worker-~diagnostic~-b99812ce-9b09-476a-a399-293cdf93e5d2]: Assigning socketPath: /var/folders/vs/5hhsl1ws6kb_myt8ny0lwy540000gn/T/fire_emu_30341.sock {"metadata":{"emulator":{"name":"functions"},"message":"[worker-~diagnostic~-b99812ce-9b09-476a-a399-293cdf93e5d2]: Assigning socketPath: /var/folders/vs/5hhsl1ws6kb_myt8ny0lwy540000gn/T/fire_emu_30341.sock"}}
[debug] [2021-05-15T04:51:12.349Z] [worker-~diagnostic~-b99812ce-9b09-476a-a399-293cdf93e5d2]: BUSY {"metadata":{"emulator":{"name":"functions"},"message":"[worker-~diagnostic~-b99812ce-9b09-476a-a399-293cdf93e5d2]: BUSY"}}
[debug] [2021-05-15T04:51:12.541Z] [runtime-status] [30341] Functions runtime initialized. {"cwd":"/Users/harshpatel/Desktop/Harsh/Current Projects/link-shortener/link-shortener/functions","node_version":"12.16.3"} {"metadata":{"emulator":{"name":"functions"},"message":"[runtime-status] [30341] Functions runtime initialized. {\"cwd\":\"/Users/harshpatel/Desktop/Harsh/Current Projects/link-shortener/link-shortener/functions\",\"node_version\":\"12.16.3\"}"}}
[debug] [2021-05-15T04:51:12.542Z] [runtime-status] [30341] Disabled runtime features: undefined {"metadata":{"emulator":{"name":"functions"},"message":"[runtime-status] [30341] Disabled runtime features: undefined"}}
[debug] [2021-05-15T04:51:12.544Z] [runtime-status] [30341] Resolved module firebase-admin {"declared":true,"installed":true,"version":"9.8.0","resolution":"/Users/harshpatel/Desktop/Harsh/Current Projects/link-shortener/link-shortener/functions/node_modules/firebase-admin/lib/index.js"} {"metadata":{"emulator":{"name":"functions"},"message":"[runtime-status] [30341] Resolved module firebase-admin {\"declared\":true,\"installed\":true,\"version\":\"9.8.0\",\"resolution\":\"/Users/harshpatel/Desktop/Harsh/Current Projects/link-shortener/link-shortener/functions/node_modules/firebase-admin/lib/index.js\"}"}}
[debug] [2021-05-15T04:51:12.546Z] [runtime-status] [30341] Resolved module firebase-functions {"declared":true,"installed":true,"version":"3.14.0","resolution":"/Users/harshpatel/Desktop/Harsh/Current Projects/link-shortener/link-shortener/functions/node_modules/firebase-functions/lib/index.js"} {"metadata":{"emulator":{"name":"functions"},"message":"[runtime-status] [30341] Resolved module firebase-functions {\"declared\":true,\"installed\":true,\"version\":\"3.14.0\",\"resolution\":\"/Users/harshpatel/Desktop/Harsh/Current Projects/link-shortener/link-shortener/functions/node_modules/firebase-functions/lib/index.js\"}"}}
[debug] [2021-05-15T04:51:12.546Z] [runtime-status] [30341] Resolved module firebase-functions {"declared":true,"installed":true,"version":"3.14.0","resolution":"/Users/harshpatel/Desktop/Harsh/Current Projects/link-shortener/link-shortener/functions/node_modules/firebase-functions/lib/index.js"} {"metadata":{"emulator":{"name":"functions"},"message":"[runtime-status] [30341] Resolved module firebase-functions {\"declared\":true,\"installed\":true,\"version\":\"3.14.0\",\"resolution\":\"/Users/harshpatel/Desktop/Harsh/Current Projects/link-shortener/link-shortener/functions/node_modules/firebase-functions/lib/index.js\"}"}}
[debug] [2021-05-15T04:51:12.548Z] [runtime-status] [30341] Outgoing network have been stubbed. [{"name":"http","status":"mocked"},{"name":"http","status":"mocked"},{"name":"https","status":"mocked"},{"name":"https","status":"mocked"},{"name":"net","status":"mocked"}] {"metadata":{"emulator":{"name":"functions"},"message":"[runtime-status] [30341] Outgoing network have been stubbed. [{\"name\":\"http\",\"status\":\"mocked\"},{\"name\":\"http\",\"status\":\"mocked\"},{\"name\":\"https\",\"status\":\"mocked\"},{\"name\":\"https\",\"status\":\"mocked\"},{\"name\":\"net\",\"status\":\"mocked\"}]"}}
[debug] [2021-05-15T04:51:12.548Z] [runtime-status] [30341] Resolved module firebase-functions {"declared":true,"installed":true,"version":"3.14.0","resolution":"/Users/harshpatel/Desktop/Harsh/Current Projects/link-shortener/link-shortener/functions/node_modules/firebase-functions/lib/index.js"} {"metadata":{"emulator":{"name":"functions"},"message":"[runtime-status] [30341] Resolved module firebase-functions {\"declared\":true,\"installed\":true,\"version\":\"3.14.0\",\"resolution\":\"/Users/harshpatel/Desktop/Harsh/Current Projects/link-shortener/link-shortener/functions/node_modules/firebase-functions/lib/index.js\"}"}}
[debug] [2021-05-15T04:51:12.656Z] [runtime-status] [30341] Checked functions.config() {"config":{}} {"metadata":{"emulator":{"name":"functions"},"message":"[runtime-status] [30341] Checked functions.config() {\"config\":{}}"}}
[debug] [2021-05-15T04:51:12.656Z] [runtime-status] [30341] firebase-functions has been stubbed. {"functionsResolution":{"declared":true,"installed":true,"version":"3.14.0","resolution":"/Users/harshpatel/Desktop/Harsh/Current Projects/link-shortener/link-shortener/functions/node_modules/firebase-functions/lib/index.js"}} {"metadata":{"emulator":{"name":"functions"},"message":"[runtime-status] [30341] firebase-functions has been stubbed. {\"functionsResolution\":{\"declared\":true,\"installed\":true,\"version\":\"3.14.0\",\"resolution\":\"/Users/harshpatel/Desktop/Harsh/Current Projects/link-shortener/link-shortener/functions/node_modules/firebase-functions/lib/index.js\"}}"}}
[debug] [2021-05-15T04:51:12.657Z] [runtime-status] [30341] Resolved module firebase-functions {"declared":true,"installed":true,"version":"3.14.0","resolution":"/Users/harshpatel/Desktop/Harsh/Current Projects/link-shortener/link-shortener/functions/node_modules/firebase-functions/lib/index.js"} {"metadata":{"emulator":{"name":"functions"},"message":"[runtime-status] [30341] Resolved module firebase-functions {\"declared\":true,\"installed\":true,\"version\":\"3.14.0\",\"resolution\":\"/Users/harshpatel/Desktop/Harsh/Current Projects/link-shortener/link-shortener/functions/node_modules/firebase-functions/lib/index.js\"}"}}
[debug] [2021-05-15T04:51:12.658Z] [runtime-status] [30341] Resolved module firebase-admin {"declared":true,"installed":true,"version":"9.8.0","resolution":"/Users/harshpatel/Desktop/Harsh/Current Projects/link-shortener/link-shortener/functions/node_modules/firebase-admin/lib/index.js"} {"metadata":{"emulator":{"name":"functions"},"message":"[runtime-status] [30341] Resolved module firebase-admin {\"declared\":true,\"installed\":true,\"version\":\"9.8.0\",\"resolution\":\"/Users/harshpatel/Desktop/Harsh/Current Projects/link-shortener/link-shortener/functions/node_modules/firebase-admin/lib/index.js\"}"}}
[debug] [2021-05-15T04:51:12.659Z] [runtime-status] [30341] Resolved module firebase-functions {"declared":true,"installed":true,"version":"3.14.0","resolution":"/Users/harshpatel/Desktop/Harsh/Current Projects/link-shortener/link-shortener/functions/node_modules/firebase-functions/lib/index.js"} {"metadata":{"emulator":{"name":"functions"},"message":"[runtime-status] [30341] Resolved module firebase-functions {\"declared\":true,\"installed\":true,\"version\":\"3.14.0\",\"resolution\":\"/Users/harshpatel/Desktop/Harsh/Current Projects/link-shortener/link-shortener/functions/node_modules/firebase-functions/lib/index.js\"}"}}
[debug] [2021-05-15T04:51:12.659Z] [runtime-status] [30341] firebase-admin has been stubbed. {"adminResolution":{"declared":true,"installed":true,"version":"9.8.0","resolution":"/Users/harshpatel/Desktop/Harsh/Current Projects/link-shortener/link-shortener/functions/node_modules/firebase-admin/lib/index.js"}} {"metadata":{"emulator":{"name":"functions"},"message":"[runtime-status] [30341] firebase-admin has been stubbed. {\"adminResolution\":{\"declared\":true,\"installed\":true,\"version\":\"9.8.0\",\"resolution\":\"/Users/harshpatel/Desktop/Harsh/Current Projects/link-shortener/link-shortener/functions/node_modules/firebase-admin/lib/index.js\"}}"}}
[info] ✔  functions[api]: http function initialized (http://localhost:5001/link-shortener-dradh/us-central1/api). {"metadata":{"emulator":{"name":"functions"},"message":"\u001b[1mhttp\u001b[22m function initialized (http://localhost:5001/link-shortener-dradh/us-central1/api)."}}
[info] 
┌─────────────────────────────────────────────────────────────┐
│ ✔  All emulators ready! It is now safe to connect your app. │
│ i  View Emulator UI at http://localhost:4001                │
└─────────────────────────────────────────────────────────────┘

┌───────────┬────────────────┬─────────────────────────────────┐
│ Emulator  │ Host:Port      │ View in Emulator UI             │
├───────────┼────────────────┼─────────────────────────────────┤
│ Functions │ localhost:5001 │ http://localhost:4001/functions │
├───────────┼────────────────┼─────────────────────────────────┤
│ Hosting   │ localhost:5000 │ n/a                             │
└───────────┴────────────────┴─────────────────────────────────┘
  Emulator Hub running at localhost:4400
  Other reserved ports: 4500

Issues? Report them at https://github.com/firebase/firebase-tools/issues and attach the *-debug.log files.
 
[debug] [2021-05-15T04:51:13.633Z] [worker-~diagnostic~-b99812ce-9b09-476a-a399-293cdf93e5d2]: IDLE {"metadata":{"emulator":{"name":"functions"},"message":"[worker-~diagnostic~-b99812ce-9b09-476a-a399-293cdf93e5d2]: IDLE"}}
[info] >  (node:30341) DeprecationWarning: current URL string parser is deprecated, and will be removed in a future version. To use the new parser, pass option { useNewUrlParser: true } to MongoClient.connect. {"user":"(node:30341) DeprecationWarning: current URL string parser is deprecated, and will be removed in a future version. To use the new parser, pass option { useNewUrlParser: true } to MongoClient.connect.","metadata":{"emulator":{"name":"functions"},"message":"\u001b[90m> \u001b[39m (node:30341) DeprecationWarning: current URL string parser is deprecated, and will be removed in a future version. To use the new parser, pass option { useNewUrlParser: true } to MongoClient.connect."}}
[info] >  (node:30341) [MONGODB DRIVER] Warning: Top-level use of w, wtimeout, j, and fsync is deprecated. Use writeConcern instead. {"user":"(node:30341) [MONGODB DRIVER] Warning: Top-level use of w, wtimeout, j, and fsync is deprecated. Use writeConcern instead.","metadata":{"emulator":{"name":"functions"},"message":"\u001b[90m> \u001b[39m (node:30341) [MONGODB DRIVER] Warning: Top-level use of w, wtimeout, j, and fsync is deprecated. Use writeConcern instead."}}
[info] >  (node:30341) [MONGODB DRIVER] Warning: Current Server Discovery and Monitoring engine is deprecated, and will be removed in a future version. To use the new Server Discover and Monitoring engine, pass option { useUnifiedTopology: true } to the MongoClient constructor. {"user":"(node:30341) [MONGODB DRIVER] Warning: Current Server Discovery and Monitoring engine is deprecated, and will be removed in a future version. To use the new Server Discover and Monitoring engine, pass option { useUnifiedTopology: true } to the MongoClient constructor.","metadata":{"emulator":{"name":"functions"},"message":"\u001b[90m> \u001b[39m (node:30341) [MONGODB DRIVER] Warning: Current Server Discovery and Monitoring engine is deprecated, and will be removed in a future version. To use the new Server Discover and Monitoring engine, pass option { useUnifiedTopology: true } to the MongoClient constructor."}}
[info] >  MongoDB Connected. {"user":"MongoDB Connected.","metadata":{"emulator":{"name":"functions"},"message":"\u001b[90m> \u001b[39m MongoDB Connected."}}
[info] i  hosting: 127.0.0.1 - - [15/May/2021:04:51:20 +0000] "GET / HTTP/1.1" 200 1986 "-" "Mozilla/5.0 (Macintosh; Intel Mac OS X 10_15_7) AppleWebKit/537.36 (KHTML, like Gecko) Chrome/90.0.4430.93 Safari/537.36" {"metadata":{"emulator":{"name":"hosting"},"message":"127.0.0.1 - - [15/May/2021:04:51:20 +0000] \"GET / HTTP/1.1\" 200 1986 \"-\" \"Mozilla/5.0 (Macintosh; Intel Mac OS X 10_15_7) AppleWebKit/537.36 (KHTML, like Gecko) Chrome/90.0.4430.93 Safari/537.36\""}}
[info] i  hosting: 127.0.0.1 - - [15/May/2021:04:51:20 +0000] "GET /%PUBLIC_URL%/manifest.json HTTP/1.1" 500 - "http://localhost:5000/" "Mozilla/5.0 (Macintosh; Intel Mac OS X 10_15_7) AppleWebKit/537.36 (KHTML, like Gecko) Chrome/90.0.4430.93 Safari/537.36" {"metadata":{"emulator":{"name":"hosting"},"message":"127.0.0.1 - - [15/May/2021:04:51:20 +0000] \"GET /%PUBLIC_URL%/manifest.json HTTP/1.1\" 500 - \"http://localhost:5000/\" \"Mozilla/5.0 (Macintosh; Intel Mac OS X 10_15_7) AppleWebKit/537.36 (KHTML, like Gecko) Chrome/90.0.4430.93 Safari/537.36\""}}
[info] i  hosting: 127.0.0.1 - - [15/May/2021:04:51:20 +0000] "GET /%PUBLIC_URL%/favicon.ico HTTP/1.1" 500 - "http://localhost:5000/" "Mozilla/5.0 (Macintosh; Intel Mac OS X 10_15_7) AppleWebKit/537.36 (KHTML, like Gecko) Chrome/90.0.4430.93 Safari/537.36" {"metadata":{"emulator":{"name":"hosting"},"message":"127.0.0.1 - - [15/May/2021:04:51:20 +0000] \"GET /%PUBLIC_URL%/favicon.ico HTTP/1.1\" 500 - \"http://localhost:5000/\" \"Mozilla/5.0 (Macintosh; Intel Mac OS X 10_15_7) AppleWebKit/537.36 (KHTML, like Gecko) Chrome/90.0.4430.93 Safari/537.36\""}}
[info] i  hosting: 127.0.0.1 - - [15/May/2021:04:51:42 +0000] "GET / HTTP/1.1" 200 1986 "-" "Mozilla/5.0 (Macintosh; Intel Mac OS X 10_15_7) AppleWebKit/537.36 (KHTML, like Gecko) Chrome/90.0.4430.93 Safari/537.36" {"metadata":{"emulator":{"name":"hosting"},"message":"127.0.0.1 - - [15/May/2021:04:51:42 +0000] \"GET / HTTP/1.1\" 200 1986 \"-\" \"Mozilla/5.0 (Macintosh; Intel Mac OS X 10_15_7) AppleWebKit/537.36 (KHTML, like Gecko) Chrome/90.0.4430.93 Safari/537.36\""}}
[info] i  hosting: 127.0.0.1 - - [15/May/2021:04:51:42 +0000] "GET /%PUBLIC_URL%/favicon.ico HTTP/1.1" 500 - "http://localhost:5000/" "Mozilla/5.0 (Macintosh; Intel Mac OS X 10_15_7) AppleWebKit/537.36 (KHTML, like Gecko) Chrome/90.0.4430.93 Safari/537.36" {"metadata":{"emulator":{"name":"hosting"},"message":"127.0.0.1 - - [15/May/2021:04:51:42 +0000] \"GET /%PUBLIC_URL%/favicon.ico HTTP/1.1\" 500 - \"http://localhost:5000/\" \"Mozilla/5.0 (Macintosh; Intel Mac OS X 10_15_7) AppleWebKit/537.36 (KHTML, like Gecko) Chrome/90.0.4430.93 Safari/537.36\""}}
